INFO 2023-11-16 20:24:53,602 autoreload Watching for file changes with StatReloader
INFO 2023-11-16 20:25:24,514 autoreload /Users/benjaminphilipp/Documents/GitHub/llinkb_s/src/settings.py changed, reloading.
DEBUG 2023-11-16 20:25:24,514 selector_events Using selector: KqueueSelector
INFO 2023-11-16 20:25:25,118 autoreload Watching for file changes with StatReloader
INFO 2023-11-16 20:25:29,133 autoreload /Users/benjaminphilipp/Documents/GitHub/llinkb_s/products/views.py changed, reloading.
DEBUG 2023-11-16 20:25:29,133 selector_events Using selector: KqueueSelector
INFO 2023-11-16 20:25:29,714 autoreload Watching for file changes with StatReloader
DEBUG 2023-11-16 20:25:29,840 selector_events Using selector: KqueueSelector
INFO 2023-11-16 20:25:32,145 autoreload Watching for file changes with StatReloader
INFO 2023-11-16 20:25:35,303 util message='Request to Stripe api' method=post path=https://api.stripe.com/v1/payment_intents
DEBUG 2023-11-16 20:25:35,303 util api_version=2023-08-16 message='Post details' post_data=amount=999999&currency=eur&automatic_payment_methods[enabled]=True
DEBUG 2023-11-16 20:25:35,325 connectionpool Starting new HTTPS connection (1): api.stripe.com:443
DEBUG 2023-11-16 20:25:35,890 connectionpool https://api.stripe.com:443 "POST /v1/payment_intents HTTP/1.1" 200 1636
INFO 2023-11-16 20:25:35,891 util message='Stripe API response' path=https://api.stripe.com/v1/payment_intents response_code=200
DEBUG 2023-11-16 20:25:35,891 util body='{\n  "id": "pi_3ODBBzFJc5Umrifw0YRapgqP",\n  "object": "payment_intent",\n  "amount": 999999,\n  "amount_capturable": 0,\n  "amount_details": {\n    "tip": {}\n  },\n  "amount_received": 0,\n  "application": null,\n  "application_fee_amount": null,\n  "automatic_payment_methods": {\n    "allow_redirects": "always",\n    "enabled": true\n  },\n  "canceled_at": null,\n  "cancellation_reason": null,\n  "capture_method": "automatic",\n  "client_secret": "pi_3ODBBzFJc5Umrifw0YRapgqP_secret_6K7dSeOkK7KgiTo6gRRORWIq0",\n  "confirmation_method": "automatic",\n  "created": 1700162735,\n  "currency": "eur",\n  "customer": null,\n  "description": null,\n  "invoice": null,\n  "last_payment_error": null,\n  "latest_charge": null,\n  "livemode": false,\n  "metadata": {},\n  "next_action": null,\n  "on_behalf_of": null,\n  "payment_method": null,\n  "payment_method_configuration_details": {\n    "id": "pmc_1KHsfJFJc5UmrifwWyia0tRU",\n    "parent": null\n  },\n  "payment_method_options": {\n    "card": {\n      "installments": null,\n      "mandate_options": null,\n      "network": null,\n      "request_three_d_secure": "automatic"\n    },\n    "eps": {},\n    "giropay": {},\n    "klarna": {\n      "preferred_locale": null\n    },\n    "p24": {},\n    "sepa_debit": {}\n  },\n  "payment_method_types": [\n    "card",\n    "eps",\n    "giropay",\n    "p24",\n    "sepa_debit",\n    "klarna"\n  ],\n  "processing": null,\n  "receipt_email": null,\n  "review": null,\n  "setup_future_usage": null,\n  "shipping": null,\n  "source": null,\n  "statement_descriptor": null,\n  "statement_descriptor_suffix": null,\n  "status": "requires_payment_method",\n  "transfer_data": null,\n  "transfer_group": null\n}' message='API response body'
DEBUG 2023-11-16 20:25:35,891 util link=https://dashboard.stripe.com/test/logs/req_0hzveMQbZuNFzZ message='Dashboard link for request'
INFO 2023-11-16 20:25:35,893 util message='Request to Stripe api' method=post path=https://api.stripe.com/v1/payment_intents/pi_3ODBBzFJc5Umrifw0YRapgqP
DEBUG 2023-11-16 20:25:35,893 util api_version=2023-08-16 message='Post details' post_data=metadata[product_cat]=domain
DEBUG 2023-11-16 20:25:36,228 connectionpool https://api.stripe.com:443 "POST /v1/payment_intents/pi_3ODBBzFJc5Umrifw0YRapgqP HTTP/1.1" 200 1667
INFO 2023-11-16 20:25:36,231 util message='Stripe API response' path=https://api.stripe.com/v1/payment_intents/pi_3ODBBzFJc5Umrifw0YRapgqP response_code=200
DEBUG 2023-11-16 20:25:36,252 util body='{\n  "id": "pi_3ODBBzFJc5Umrifw0YRapgqP",\n  "object": "payment_intent",\n  "amount": 999999,\n  "amount_capturable": 0,\n  "amount_details": {\n    "tip": {}\n  },\n  "amount_received": 0,\n  "application": null,\n  "application_fee_amount": null,\n  "automatic_payment_methods": {\n    "allow_redirects": "always",\n    "enabled": true\n  },\n  "canceled_at": null,\n  "cancellation_reason": null,\n  "capture_method": "automatic",\n  "client_secret": "pi_3ODBBzFJc5Umrifw0YRapgqP_secret_6K7dSeOkK7KgiTo6gRRORWIq0",\n  "confirmation_method": "automatic",\n  "created": 1700162735,\n  "currency": "eur",\n  "customer": null,\n  "description": null,\n  "invoice": null,\n  "last_payment_error": null,\n  "latest_charge": null,\n  "livemode": false,\n  "metadata": {\n    "product_cat": "domain"\n  },\n  "next_action": null,\n  "on_behalf_of": null,\n  "payment_method": null,\n  "payment_method_configuration_details": {\n    "id": "pmc_1KHsfJFJc5UmrifwWyia0tRU",\n    "parent": null\n  },\n  "payment_method_options": {\n    "card": {\n      "installments": null,\n      "mandate_options": null,\n      "network": null,\n      "request_three_d_secure": "automatic"\n    },\n    "eps": {},\n    "giropay": {},\n    "klarna": {\n      "preferred_locale": null\n    },\n    "p24": {},\n    "sepa_debit": {}\n  },\n  "payment_method_types": [\n    "card",\n    "eps",\n    "giropay",\n    "p24",\n    "sepa_debit",\n    "klarna"\n  ],\n  "processing": null,\n  "receipt_email": null,\n  "review": null,\n  "setup_future_usage": null,\n  "shipping": null,\n  "source": null,\n  "statement_descriptor": null,\n  "statement_descriptor_suffix": null,\n  "status": "requires_payment_method",\n  "transfer_data": null,\n  "transfer_group": null\n}' message='API response body'
DEBUG 2023-11-16 20:25:36,252 util link=https://dashboard.stripe.com/test/logs/req_WDyJLKjpI0Bdbc message='Dashboard link for request'
WARNING 2023-11-16 20:25:45,973 log Not Found: /favicon.ico
DEBUG 2023-11-16 20:25:46,019 connectionpool Starting new HTTPS connection (1): api.ote-godaddy.com:443
DEBUG 2023-11-16 20:25:47,552 connectionpool https://api.ote-godaddy.com:443 "POST /v1/domains/contacts/validate?marketId=en-US HTTP/1.1" 422 None
DEBUG 2023-11-16 20:41:18,323 selector_events Using selector: KqueueSelector
DEBUG 2023-11-16 20:41:18,441 selector_events Using selector: KqueueSelector
